<?xml version="1.0" encoding="UTF-8"?>
<!-- Generated by org.testng.reporters.JUnitXMLReporter -->
<testsuite hostname="yuanridandeMacBook-Pro.local" ignored="0" name="test2" tests="4" failures="1" timestamp="24 五月 2017 06:30:24 GMT" time="0.02" errors="0">
  <testcase name="testAssert1" time="0.001" classname="testng.IReporter.ReporterListenerExample"/>
  <testcase name="testAssert1" time="0.002" classname="testng.IReporter.ReporterListenerExample"/>
  <testcase name="testAssert2" time="0.003" classname="testng.IReporter.ReporterListenerExample"/>
  <testcase name="testAssert3" time="0.0" classname="testng.IReporter.ReporterListenerExample">
    <failure type="org.testng.TestNGException" message="
Cannot inject @Test annotated Method [testAssert3] with [int].
For more information on native dependency injection please refer to http://testng.org/doc/documentation-main.html#native-dependency-injection">
      <![CDATA[org.testng.TestNGException: 
Cannot inject @Test annotated Method [testAssert3] with [int].
For more information on native dependency injection please refer to http://testng.org/doc/documentation-main.html#native-dependency-injection
... Removed 24 stack frames]]>
    </failure>
  </testcase> <!-- testAssert3 -->
</testsuite> <!-- test2 -->
