<?xml version="1.0" encoding="UTF-8"?>
<!-- Generated by org.testng.reporters.JUnitXMLReporter -->
<testsuite hostname="yuanridandeMacBook-Pro.local" name="test1" tests="4" failures="0" timestamp="7 Jun 2017 03:34:49 GMT" time="0.068" errors="0">
  <testcase name="testAssert1" time="0.023" classname="testng.ReporterListenerExample"/>
  <testcase name="testAssert1" time="0.002" classname="testng.ReporterListenerExample"/>
  <testcase name="testAssert2" time="0.002" classname="testng.ReporterListenerExample"/>
  <testcase name="testAssert3" time="0.0" classname="testng.ReporterListenerExample">
    <skipped/>
  </testcase> <!-- testAssert3 -->
</testsuite> <!-- test1 -->
