<?xml version="1.0" encoding="UTF-8"?>
<testng-results skipped="0" failed="0" ignored="0" total="1" passed="1">
  <reporter-output>
  </reporter-output>
  <suite name="Default suite" duration-ms="49" started-at="2017-01-20T08:30:06Z" finished-at="2017-01-20T08:30:07Z">
    <groups>
    </groups>
    <test name="Default test" duration-ms="49" started-at="2017-01-20T08:30:06Z" finished-at="2017-01-20T08:30:07Z">
      <class name="training.TestNGSimpleTest">
        <test-method status="PASS" signature="testAdd()[pri:0, instance:training.TestNGSimpleTest@215be6bb]" name="testAdd" duration-ms="26" started-at="2017-01-20T16:30:06Z" finished-at="2017-01-20T16:30:07Z">
          <reporter-output>
          </reporter-output>
        </test-method> <!-- testAdd -->
      </class> <!-- training.TestNGSimpleTest -->
    </test> <!-- Default test -->
  </suite> <!-- Default suite -->
</testng-results>
