<?xml version="1.0" encoding="UTF-8"?>
<testng-results skipped="0" failed="0" ignored="0" total="1" passed="1">
  <reporter-output>
  </reporter-output>
  <suite name="Default suite" duration-ms="66" started-at="2017-05-02T08:01:21Z" finished-at="2017-05-02T08:01:21Z">
    <groups>
    </groups>
    <test name="Default test" duration-ms="66" started-at="2017-05-02T08:01:21Z" finished-at="2017-05-02T08:01:21Z">
      <class name="testng.TestEmployeeDetails">
        <test-method status="PASS" signature="testCalculateAppriasal()[pri:0, instance:testng.TestEmployeeDetails@2ef5e5e3]" name="testCalculateAppriasal" duration-ms="22" started-at="2017-05-02T16:01:21Z" finished-at="2017-05-02T16:01:21Z">
          <reporter-output>
          </reporter-output>
        </test-method> <!-- testCalculateAppriasal -->
      </class> <!-- testng.TestEmployeeDetails -->
    </test> <!-- Default test -->
  </suite> <!-- Default suite -->
</testng-results>
